<?xml version="1.0" encoding="utf-8"?><testsuites><testsuite name="pytest" errors="0" failures="1" skipped="0" tests="2" time="0.186" timestamp="2024-09-09T16:05:31.001871" hostname="DESKTOP-HP3M6LC"><testcase classname="tests.views.test_aboutView" name="test_init" file="tests\views\test_aboutView.py" line="21" time="0.038"><failure message="AssertionError: assert '1' == 1">setupApp = &lt;PySide6.QtWidgets.QApplication(0x17279738400) at 0x000001727A6A9C80&gt;
aboutView = &lt;Views.AboutView.AboutView(0x17279880de0, name="AboutWindow") at 0x000001727A527F00&gt;
viewControllerMock = &lt;MagicMock id='1591191771920'&gt;

    def test_init(setupApp, aboutView, viewControllerMock):
    
        # Check constructor assignment
        assert aboutView.viewController == viewControllerMock
    
        # Check Style
        assert aboutView.viewController.qssController.getStandardStyle() == "background-color: green;"
    
        aboutView.setStyle()
    
        aboutView.setStyleSheet.assert_called_once()
        aboutView.setStyleSheet.assert_called_with("background-color: green;")
    
        # Check version number assigned
        versionText = aboutView.window.VersionDataLabel.text()
&gt;       assert versionText == 1
E       AssertionError: assert '1' == 1

tests\views\test_aboutView.py:37: AssertionError</failure><system-out>--------------------------------- Captured Log ---------------------------------

--------------------------------- Captured Out ---------------------------------

</system-out><system-err>--------------------------------- Captured Err ---------------------------------

</system-err></testcase><testcase classname="tests.views.test_aboutView" name="test_signals" file="tests\views\test_aboutView.py" line="40" time="0.022"><system-out>--------------------------------- Captured Log ---------------------------------

--------------------------------- Captured Out ---------------------------------

</system-out><system-err>--------------------------------- Captured Err ---------------------------------

</system-err></testcase></testsuite></testsuites>